# JRE version: OpenJDK Runtime Environment Temurin-21.0.11+10 (21.0.11+10) (build 21.0.11+10-LTS)
# Java VM: OpenJDK 64-Bit Server VM Temurin-21.0.11+10 (21.0.11+10-LTS, mixed mode, sharing, tiered, compressed oops, compressed class ptrs, parallel gc, windows-amd64)
GC Precious Log:
 CardTable entry size: 512
 CPUs: 8 total, 8 available
 Memory: 7932M
 Large Page Support: Disabled
 NUMA Support: Disabled
 Compressed Oops: Enabled (32-bit)
 Alignments: Space 512K, Generation 512K, Heap 2M
 Heap Min Capacity: 100M
 Heap Initial Capacity: 100M
 Heap Max Capacity: 2G
 Pre-touch: Disabled
 Parallel Workers: 8
Heap:
 PSYoungGen      total 4608K, used 1155K [0x00000000d5580000, 0x00000000d5c00000, 0x0000000100000000)
  eden space 4096K, 22% used [0x00000000d5580000,0x00000000d5668e78,0x00000000d5980000)
  from space 512K, 43% used [0x00000000d5b80000,0x00000000d5bb8000,0x00000000d5c00000)
  to   space 512K, 0% used [0x00000000d5b00000,0x00000000d5b00000,0x00000000d5b80000)
 ParOldGen       total 1203200K, used 1202691K [0x0000000080000000, 0x00000000c9700000, 0x00000000d5580000)
  object space 1203200K, 99% used [0x0000000080000000,0x00000000c9680e40,0x00000000c9700000)
 Metaspace       used 93565K, committed 95488K, reserved 1179648K
  class space    used 9644K, committed 10496K, reserved 1048576K
GC Heap History (20 events):
Event: 531.602 GC heap before
{Heap before GC invocations=2540 (full 5):
 PSYoungGen      total 7680K, used 7623K [0x00000000d5580000, 0x00000000d6480000, 0x0000000100000000)
  eden space 7168K, 99% used [0x00000000d5580000,0x00000000d5c733d8,0x00000000d5c80000)
  from space 512K, 98% used [0x00000000d6200000,0x00000000d627ea88,0x00000000d6280000)
  to   space 4096K, 0% used [0x00000000d5c80000,0x00000000d5c80000,0x00000000d6080000)
 ParOldGen       total 1193984K, used 1193920K [0x0000000080000000, 0x00000000c8e00000, 0x00000000d5580000)
  object space 1193984K, 99% used [0x0000000080000000,0x00000000c8df01f8,0x00000000c8e00000)
 Metaspace       used 93474K, committed 95424K, reserved 1179648K
  class space    used 9641K, committed 10496K, reserved 1048576K
}
Event: 531.604 GC heap after
{Heap after GC invocations=2540 (full 5):
 PSYoungGen      total 8704K, used 1434K [0x00000000d5580000, 0x00000000d6280000, 0x0000000100000000)
  eden space 7168K, 0% used [0x00000000d5580000,0x00000000d5580000,0x00000000d5c80000)
  from space 1536K, 93% used [0x00000000d5c80000,0x00000000d5de6900,0x00000000d5e00000)
  to   space 2560K, 0% used [0x00000000d6000000,0x00000000d6000000,0x00000000d6280000)
 ParOldGen       total 1194496K, used 1194236K [0x0000000080000000, 0x00000000c8e80000, 0x00000000d5580000)
  object space 1194496K, 99% used [0x0000000080000000,0x00000000c8e3f3f8,0x00000000c8e80000)
 Metaspace       used 93474K, committed 95424K, reserved 1179648K
  class space    used 9641K, committed 10496K, reserved 1048576K
}
Event: 531.614 GC heap before
{Heap before GC invocations=2541 (full 5):
 PSYoungGen      total 8704K, used 8602K [0x00000000d5580000, 0x00000000d6280000, 0x0000000100000000)
  eden space 7168K, 100% used [0x00000000d5580000,0x00000000d5c80000,0x00000000d5c80000)
  from space 1536K, 93% used [0x00000000d5c80000,0x00000000d5de6900,0x00000000d5e00000)
  to   space 2560K, 0% used [0x00000000d6000000,0x00000000d6000000,0x00000000d6280000)
 ParOldGen       total 1194496K, used 1194236K [0x0000000080000000, 0x00000000c8e80000, 0x00000000d5580000)
  object space 1194496K, 99% used [0x0000000080000000,0x00000000c8e3f3f8,0x00000000c8e80000)
 Metaspace       used 93474K, committed 95424K, reserved 1179648K
  class space    used 9641K, committed 10496K, reserved 1048576K
}
Event: 531.618 GC heap after
{Heap after GC invocations=2541 (full 5):
 PSYoungGen      total 7680K, used 2540K [0x00000000d5580000, 0x00000000d6780000, 0x0000000100000000)
  eden space 5120K, 0% used [0x00000000d5580000,0x00000000d5580000,0x00000000d5a80000)
  from space 2560K, 99% used [0x00000000d6000000,0x00000000d627b110,0x00000000d6280000)
  to   space 5632K, 0% used [0x00000000d5a80000,0x00000000d5a80000,0x00000000d6000000)
 ParOldGen       total 1196544K, used 1196281K [0x0000000080000000, 0x00000000c9080000, 0x00000000d5580000)
  object space 1196544K, 99% used [0x0000000080000000,0x00000000c903e5f8,0x00000000c9080000)
 Metaspace       used 93474K, committed 95424K, reserved 1179648K
  class space    used 9641K, committed 10496K, reserved 1048576K
}
Event: 537.316 GC heap before
{Heap before GC invocations=2542 (full 5):
 PSYoungGen      total 7680K, used 7660K [0x00000000d5580000, 0x00000000d6780000, 0x0000000100000000)
  eden space 5120K, 100% used [0x00000000d5580000,0x00000000d5a80000,0x00000000d5a80000)
  from space 2560K, 99% used [0x00000000d6000000,0x00000000d627b110,0x00000000d6280000)
  to   space 5632K, 0% used [0x00000000d5a80000,0x00000000d5a80000,0x00000000d6000000)
 ParOldGen       total 1196544K, used 1196281K [0x0000000080000000, 0x00000000c9080000, 0x00000000d5580000)
  object space 1196544K, 99% used [0x0000000080000000,0x00000000c903e5f8,0x00000000c9080000)
 Metaspace       used 93484K, committed 95424K, reserved 1179648K
  class space    used 9641K, committed 10496K, reserved 1048576K
}
Event: 537.319 GC heap after
{Heap after GC invocations=2542 (full 5):
 PSYoungGen      total 5632K, used 308K [0x00000000d5580000, 0x00000000d6080000, 0x0000000100000000)
  eden space 5120K, 0% used [0x00000000d5580000,0x00000000d5580000,0x00000000d5a80000)
  from space 512K, 60% used [0x00000000d5a80000,0x00000000d5acd200,0x00000000d5b00000)
  to   space 2048K, 0% used [0x00000000d5e80000,0x00000000d5e80000,0x00000000d6080000)
 ParOldGen       total 1196544K, used 1196313K [0x0000000080000000, 0x00000000c9080000, 0x00000000d5580000)
  object space 1196544K, 99% used [0x0000000080000000,0x00000000c90465f8,0x00000000c9080000)
 Metaspace       used 93484K, committed 95424K, reserved 1179648K
  class space    used 9641K, committed 10496K, reserved 1048576K
}
Event: 537.332 GC heap before
{Heap before GC invocations=2543 (full 5):
 PSYoungGen      total 5632K, used 5428K [0x00000000d5580000, 0x00000000d6080000, 0x0000000100000000)
  eden space 5120K, 100% used [0x00000000d5580000,0x00000000d5a80000,0x00000000d5a80000)
  from space 512K, 60% used [0x00000000d5a80000,0x00000000d5acd200,0x00000000d5b00000)
  to   space 2048K, 0% used [0x00000000d5e80000,0x00000000d5e80000,0x00000000d6080000)
 ParOldGen       total 1196544K, used 1196313K [0x0000000080000000, 0x00000000c9080000, 0x00000000d5580000)
  object space 1196544K, 99% used [0x0000000080000000,0x00000000c90465f8,0x00000000c9080000)
 Metaspace       used 93484K, committed 95424K, reserved 1179648K
  class space    used 9641K, committed 10496K, reserved 1048576K
}
Event: 537.335 GC heap after
{Heap after GC invocations=2543 (full 5):
 PSYoungGen      total 6144K, used 2044K [0x00000000d5580000, 0x00000000d6480000, 0x0000000100000000)
  eden space 4096K, 0% used [0x00000000d5580000,0x00000000d5580000,0x00000000d5980000)
  from space 2048K, 99% used [0x00000000d5e80000,0x00000000d607f010,0x00000000d6080000)
  to   space 5120K, 0% used [0x00000000d5980000,0x00000000d5980000,0x00000000d5e80000)
 ParOldGen       total 1198592K, used 1198537K [0x0000000080000000, 0x00000000c9280000, 0x00000000d5580000)
  object space 1198592K, 99% used [0x0000000080000000,0x00000000c92727d0,0x00000000c9280000)
 Metaspace       used 93484K, committed 95424K, reserved 1179648K
  class space    used 9641K, committed 10496K, reserved 1048576K
}
Event: 537.345 GC heap before
{Heap before GC invocations=2544 (full 5):
 PSYoungGen      total 6144K, used 6140K [0x00000000d5580000, 0x00000000d6480000, 0x0000000100000000)
  eden space 4096K, 100% used [0x00000000d5580000,0x00000000d5980000,0x00000000d5980000)
  from space 2048K, 99% used [0x00000000d5e80000,0x00000000d607f010,0x00000000d6080000)
  to   space 5120K, 0% used [0x00000000d5980000,0x00000000d5980000,0x00000000d5e80000)
 ParOldGen       total 1198592K, used 1198537K [0x0000000080000000, 0x00000000c9280000, 0x00000000d5580000)
  object space 1198592K, 99% used [0x0000000080000000,0x00000000c92727d0,0x00000000c9280000)
 Metaspace       used 93484K, committed 95424K, reserved 1179648K
  class space    used 9641K, committed 10496K, reserved 1048576K
}
Event: 537.348 GC heap after
{Heap after GC invocations=2544 (full 5):
 PSYoungGen      total 6144K, used 1873K [0x00000000d5580000, 0x00000000d5f80000, 0x0000000100000000)
  eden space 4096K, 0% used [0x00000000d5580000,0x00000000d5580000,0x00000000d5980000)
  from space 2048K, 91% used [0x00000000d5980000,0x00000000d5b545c0,0x00000000d5b80000)
  to   space 3072K, 0% used [0x00000000d5c80000,0x00000000d5c80000,0x00000000d5f80000)
 ParOldGen       total 1200640K, used 1200542K [0x0000000080000000, 0x00000000c9480000, 0x00000000d5580000)
  object space 1200640K, 99% used [0x0000000080000000,0x00000000c94678f0,0x00000000c9480000)
 Metaspace       used 93484K, committed 95424K, reserved 1179648K
  class space    used 9641K, committed 10496K, reserved 1048576K
}
Event: 537.452 GC heap before
{Heap before GC invocations=2545 (full 5):
 PSYoungGen      total 6144K, used 5953K [0x00000000d5580000, 0x00000000d5f80000, 0x0000000100000000)
  eden space 4096K, 99% used [0x00000000d5580000,0x00000000d597bf50,0x00000000d5980000)
  from space 2048K, 91% used [0x00000000d5980000,0x00000000d5b545c0,0x00000000d5b80000)
  to   space 3072K, 0% used [0x00000000d5c80000,0x00000000d5c80000,0x00000000d5f80000)
 ParOldGen       total 1200640K, used 1200542K [0x0000000080000000, 0x00000000c9480000, 0x00000000d5580000)
  object space 1200640K, 99% used [0x0000000080000000,0x00000000c94678f0,0x00000000c9480000)
 Metaspace       used 93491K, committed 95424K, reserved 1179648K
  class space    used 9641K, committed 10496K, reserved 1048576K
}
Event: 537.455 GC heap after
{Heap after GC invocations=2545 (full 5):
 PSYoungGen      total 5120K, used 527K [0x00000000d5580000, 0x00000000d5d80000, 0x0000000100000000)
  eden space 4096K, 0% used [0x00000000d5580000,0x00000000d5580000,0x00000000d5980000)
  from space 1024K, 51% used [0x00000000d5c80000,0x00000000d5d03c70,0x00000000d5d80000)
  to   space 1536K, 0% used [0x00000000d5a80000,0x00000000d5a80000,0x00000000d5c00000)
 ParOldGen       total 1201664K, used 1201182K [0x0000000080000000, 0x00000000c9580000, 0x00000000d5580000)
  object space 1201664K, 99% used [0x0000000080000000,0x00000000c9507940,0x00000000c9580000)
 Metaspace       used 93491K, committed 95424K, reserved 1179648K
  class space    used 9641K, committed 10496K, reserved 1048576K
}
Event: 583.806 GC heap before
{Heap before GC invocations=2546 (full 5):
 PSYoungGen      total 5120K, used 4623K [0x00000000d5580000, 0x00000000d5d80000, 0x0000000100000000)
  eden space 4096K, 100% used [0x00000000d5580000,0x00000000d5980000,0x00000000d5980000)
  from space 1024K, 51% used [0x00000000d5c80000,0x00000000d5d03c70,0x00000000d5d80000)
  to   space 1536K, 0% used [0x00000000d5a80000,0x00000000d5a80000,0x00000000d5c00000)
 ParOldGen       total 1201664K, used 1201182K [0x0000000080000000, 0x00000000c9580000, 0x00000000d5580000)
  object space 1201664K, 99% used [0x0000000080000000,0x00000000c9507940,0x00000000c9580000)
 Metaspace       used 93512K, committed 95424K, reserved 1179648K
  class space    used 9644K, committed 10496K, reserved 1048576K
}
Event: 583.809 GC heap after
{Heap after GC invocations=2546 (full 5):
 PSYoungGen      total 5632K, used 367K [0x00000000d5580000, 0x00000000d5d00000, 0x0000000100000000)
  eden space 4096K, 0% used [0x00000000d5580000,0x00000000d5580000,0x00000000d5980000)
  from space 1536K, 23% used [0x00000000d5a80000,0x00000000d5adbc60,0x00000000d5c00000)
  to   space 1024K, 0% used [0x00000000d5c00000,0x00000000d5c00000,0x00000000d5d00000)
 ParOldGen       total 1201664K, used 1201462K [0x0000000080000000, 0x00000000c9580000, 0x00000000d5580000)
  object space 1201664K, 99% used [0x0000000080000000,0x00000000c954d8c0,0x00000000c9580000)
 Metaspace       used 93512K, committed 95424K, reserved 1179648K
  class space    used 9644K, committed 10496K, reserved 1048576K
}
Event: 586.369 GC heap before
{Heap before GC invocations=2547 (full 5):
 PSYoungGen      total 5632K, used 4463K [0x00000000d5580000, 0x00000000d5d00000, 0x0000000100000000)
  eden space 4096K, 100% used [0x00000000d5580000,0x00000000d5980000,0x00000000d5980000)
  from space 1536K, 23% used [0x00000000d5a80000,0x00000000d5adbc60,0x00000000d5c00000)
  to   space 1024K, 0% used [0x00000000d5c00000,0x00000000d5c00000,0x00000000d5d00000)
 ParOldGen       total 1201664K, used 1201462K [0x0000000080000000, 0x00000000c9580000, 0x00000000d5580000)
  object space 1201664K, 99% used [0x0000000080000000,0x00000000c954d8c0,0x00000000c9580000)
 Metaspace       used 93522K, committed 95424K, reserved 1179648K
  class space    used 9644K, committed 10496K, reserved 1048576K
}
Event: 586.371 GC heap after
{Heap after GC invocations=2547 (full 5):
 PSYoungGen      total 5120K, used 900K [0x00000000d5580000, 0x00000000d5d00000, 0x0000000100000000)
  eden space 4096K, 0% used [0x00000000d5580000,0x00000000d5580000,0x00000000d5980000)
  from space 1024K, 87% used [0x00000000d5c00000,0x00000000d5ce1210,0x00000000d5d00000)
  to   space 1024K, 0% used [0x00000000d5b00000,0x00000000d5b00000,0x00000000d5c00000)
 ParOldGen       total 1202176K, used 1201685K [0x0000000080000000, 0x00000000c9600000, 0x00000000d5580000)
  object space 1202176K, 99% used [0x0000000080000000,0x00000000c9585520,0x00000000c9600000)
 Metaspace       used 93522K, committed 95424K, reserved 1179648K
  class space    used 9644K, committed 10496K, reserved 1048576K
}
Event: 654.591 GC heap before
{Heap before GC invocations=2548 (full 5):
 PSYoungGen      total 5120K, used 4996K [0x00000000d5580000, 0x00000000d5d00000, 0x0000000100000000)
  eden space 4096K, 100% used [0x00000000d5580000,0x00000000d5980000,0x00000000d5980000)
  from space 1024K, 87% used [0x00000000d5c00000,0x00000000d5ce1210,0x00000000d5d00000)
  to   space 1024K, 0% used [0x00000000d5b00000,0x00000000d5b00000,0x00000000d5c00000)
 ParOldGen       total 1202176K, used 1201685K [0x0000000080000000, 0x00000000c9600000, 0x00000000d5580000)
  object space 1202176K, 99% used [0x0000000080000000,0x00000000c9585520,0x00000000c9600000)
 Metaspace       used 93540K, committed 95488K, reserved 1179648K
  class space    used 9644K, committed 10496K, reserved 1048576K
}
Event: 654.597 GC heap after
{Heap after GC invocations=2548 (full 5):
 PSYoungGen      total 4608K, used 384K [0x00000000d5580000, 0x00000000d5c80000, 0x0000000100000000)
  eden space 4096K, 0% used [0x00000000d5580000,0x00000000d5580000,0x00000000d5980000)
  from space 512K, 75% used [0x00000000d5b00000,0x00000000d5b60000,0x00000000d5b80000)
  to   space 1024K, 0% used [0x00000000d5b80000,0x00000000d5b80000,0x00000000d5c80000)
 ParOldGen       total 1202688K, used 1202437K [0x0000000080000000, 0x00000000c9680000, 0x00000000d5580000)
  object space 1202688K, 99% used [0x0000000080000000,0x00000000c96416c0,0x00000000c9680000)
 Metaspace       used 93540K, committed 95488K, reserved 1179648K
  class space    used 9644K, committed 10496K, reserved 1048576K
}
Event: 760.979 GC heap before
{Heap before GC invocations=2549 (full 5):
 PSYoungGen      total 4608K, used 4480K [0x00000000d5580000, 0x00000000d5c80000, 0x0000000100000000)
  eden space 4096K, 100% used [0x00000000d5580000,0x00000000d5980000,0x00000000d5980000)
  from space 512K, 75% used [0x00000000d5b00000,0x00000000d5b60000,0x00000000d5b80000)
  to   space 1024K, 0% used [0x00000000d5b80000,0x00000000d5b80000,0x00000000d5c80000)
 ParOldGen       total 1202688K, used 1202437K [0x0000000080000000, 0x00000000c9680000, 0x00000000d5580000)
  object space 1202688K, 99% used [0x0000000080000000,0x00000000c96416c0,0x00000000c9680000)
 Metaspace       used 93564K, committed 95488K, reserved 1179648K
  class space    used 9644K, committed 10496K, reserved 1048576K
}
Event: 760.984 GC heap after
{Heap after GC invocations=2549 (full 5):
 PSYoungGen      total 4608K, used 224K [0x00000000d5580000, 0x00000000d5c00000, 0x0000000100000000)
  eden space 4096K, 0% used [0x00000000d5580000,0x00000000d5580000,0x00000000d5980000)
  from space 512K, 43% used [0x00000000d5b80000,0x00000000d5bb8000,0x00000000d5c00000)
  to   space 512K, 0% used [0x00000000d5b00000,0x00000000d5b00000,0x00000000d5b80000)
 ParOldGen       total 1203200K, used 1202691K [0x0000000080000000, 0x00000000c9700000, 0x00000000d5580000)
  object space 1203200K, 99% used [0x0000000080000000,0x00000000c9680e40,0x00000000c9700000)
 Metaspace       used 93564K, committed 95488K, reserved 1179648K
  class space    used 9644K, committed 10496K, reserved 1048576K
}

